<?xml version='1.0' encoding='UTF-8'?>
<testsuite hostname="MSI" name="MainSpec" tests="1" errors="0" failures="0" skipped="0" time="0.018" timestamp="2023-07-11T16:01:53">
          <properties>
      <property name="awt.toolkit" value="sun.awt.windows.WToolkit"/><property name="java.specification.version" value="11"/><property name="sun.cpu.isalist" value="amd64"/><property name="sun.jnu.encoding" value="Cp1252"/><property name="sun.arch.data.model" value="64"/><property name="java.vendor.url" value="https://openjdk.java.net/"/><property name="sun.boot.library.path" value="C:\Program Files\Java\jdk-11.0.17\bin"/><property name="sun.java.command" value="xsbt.boot.Boot clean coverage test"/><property name="jdk.debug" value="release"/><property name="sun.stderr.encoding" value="cp850"/><property name="java.specification.vendor" value="Oracle Corporation"/><property name="java.version.date" value="2022-10-18"/><property name="java.home" value="C:\Program Files\Java\jdk-11.0.17"/><property name="file.separator" value="\"/><property name="java.vm.compressedOopsMode" value="32-bit"/><property name="line.separator" value="
"/><property name="sun.stdout.encoding" value="cp850"/><property name="java.specification.name" value="Java Platform API Specification"/><property name="java.vm.specification.vendor" value="Oracle Corporation"/><property name="user.script" value=""/><property name="sun.management.compiler" value="HotSpot 64-Bit Tiered Compilers"/><property name="java.runtime.version" value="11.0.17+10-LTS-269"/><property name="user.name" value="Bruno Megharba"/><property name="log4j.ignoreTCL" value="true"/><property name="file.encoding" value="UTF-8"/><property name="jnidispatch.path" value="C:\Users\BRUNOM~1\AppData\Local\Temp\jna-933008547\jna14265520610493269628.dll"/><property name="java.vendor.version" value="18.9"/><property name="jna.loaded" value="true"/><property name="java.io.tmpdir" value="C:\Users\BRUNOM~1\AppData\Local\Temp\"/><property name="java.version" value="11.0.17"/><property name="java.vm.specification.name" value="Java Virtual Machine Specification"/><property name="java.awt.printerjob" value="sun.awt.windows.WPrinterJob"/><property name="sun.os.patch.level" value=""/><property name="java.library.path" value="C:\Program Files\Java\jdk-11.0.17\bin;C:\WINDOWS\Sun\Java\bin;C:\WINDOWS\system32;C:\WINDOWS;C:\Program Files\Common Files\Oracle\Java\javapath;C:\wamp64\bin\php\php7.2.33;C:\composer;C:\Program Files\Git\cmd;C:\WINDOWS\system32;C:\WINDOWS;C:\WINDOWS\System32\Wbem;C:\WINDOWS\System32\WindowsPowerShell\v1.0\;C:\WINDOWS\System32\OpenSSH\;C:\Users\Bruno Megharba\OneDrive\Documents\openjdk-16+36_windows-x64_bin\jdk-16\bin;C:\Program Files\CodeBlocks\MinGW\bin;C:\Users\Bruno Megharba\OneDrive\Documents\javafx-sdk-17.0.0.1\bin;C:\Flex Windows\Bison\bin;C:\Flex Windows\gcc\bin;C:\Flex Windows\Lex\bin;C:\Program Files\NVIDIA Corporation\NVIDIA NvDLISR;C:\Program Files\nodejs\;C:\Gradle\gradle-7.6\bin;C:\Program Files\Docker\Docker\resources\bin;C:\Program Files\dotnet\;C:\Users\Bruno Megharba\AppData\Local\Coursier\data\bin;;%SystemRoot%\system32;%SystemRoot%;%SystemRoot%\System32\Wbem;%SYSTEMROOT%\System32\WindowsPowerShell\v1.0\;%SYSTEMROOT%\System32\OpenSSH\;C:\Users\Bruno Megharba\.cargo\bin;C:\Users\Bruno Megharba\AppData\Local\Microsoft\WindowsApps;C:\Users\Bruno Megharba\AppData\Roaming\Composer\vendor\bin;C:\Users\Bruno Megharba\AppData\Local\Programs\Microsoft VS Code\bin;C:\Users\Bruno Megharba\AppData\Local\GitHubDesktop\bin;C:\Program Files\CodeBlocks\MinGW\bin;C:\Program Files (x86)\Flex Windows\Bison\bin;C:\Program Files (x86)\Flex Windows\gcc\bin;C:\Program Files (x86)\Flex Windows\Lex\bin;C:\Users\Bruno Megharba\AppData\Roaming\npm;C:\Users\Bruno Megharba\.dotnet\tools;;C:\Users\Bruno Megharba\AppData\Local\Coursier\data\bin;C:\Users\Bruno Megharba\AppData\Local\Microsoft\WindowsApps;C:\Program Files\JetBrains\IntelliJ IDEA Community Edition 2023.1.2\bin;;C:\Users\Bruno Megharba\.dotnet\tools;."/><property name="java.vendor" value="Oracle Corporation"/><property name="scala.ext.dirs" value="C:\Users\Bruno Megharba\.sbt\1.0\java9-rt-ext-oracle_corporation_11_0_17"/><property name="sun.io.unicode.encoding" value="UnicodeLittle"/><property name="sun.desktop" value="windows"/><property name="java.class.path" value="C:\Users\Bruno Megharba\AppData\Local\Coursier\cache\arc\https\github.com\sbt\sbt\releases\download\v1.8.3\sbt-1.8.3.zip\sbt\bin\sbt-launch.jar"/><property name="java.vm.vendor" value="Oracle Corporation"/><property name="user.variant" value=""/><property name="jline.shutdownhook" value="false"/><property name="user.timezone" value="Europe/Paris"/><property name="os.name" value="Windows 11"/><property name="java.vm.specification.version" value="11"/><property name="sun.java.launcher" value="SUN_STANDARD"/><property name="user.country" value="FR"/><property name="sun.cpu.endian" value="little"/><property name="user.home" value="C:\Users\Bruno Megharba"/><property name="user.language" value="fr"/><property name="sbt.ipcsocket.tmpdir" value="C:\Users\BRUNOM~1\AppData\Local\Temp\.sbta3850154\ipcsocket"/><property name="swoval.tmpdir" value="C:\Users\BRUNOM~1\AppData\Local\Temp\.sbta3850154\swoval"/><property name="java.awt.graphicsenv" value="sun.awt.Win32GraphicsEnvironment"/><property name="jline.esc.timeout" value="0"/><property name="path.separator" value=";"/><property name="os.version" value="10.0"/><property name="jna.nosys" value="true"/><property name="java.runtime.name" value="Java(TM) SE Runtime Environment"/><property name="java.vm.name" value="Java HotSpot(TM) 64-Bit Server VM"/><property name="java.vendor.url.bug" value="https://bugreport.java.com/bugreport/"/><property name="user.dir" value="C:\td_a_rendre"/><property name="os.arch" value="amd64"/><property name="java.vm.info" value="mixed mode"/><property name="java.vm.version" value="11.0.17+10-LTS-269"/><property name="java.class.version" value="55.0"/>
    </properties>
          <testcase classname="MainSpec" name="Main should work with run mocked" time="0.018">
                      
                    </testcase>
          <system-out><![CDATA[]]></system-out>
          <system-err><![CDATA[]]></system-err>
        </testsuite>